<?xml version="1.0" encoding="UTF-8"?>
<!-- Generated by org.testng.reporters.JUnitXMLReporter -->
<testsuite hostname="tm6" ignored="0" name="Test" tests="2" failures="0" timestamp="26 Apr 2018 05:10:33 GMT" time="61.672" errors="0">
  <testcase name="TC01_Verify_AddCustomerLink_Admin" time="23.316" classname="com.TestCasesAutomation.TC01_Verify_AddCustomerLink"/>
  <testcase name="TC02_Verify_Admin_AddCustomer_Fileds" time="35.04" classname="com.TestCasesAutomation.TC02_Verify_AddCustomerFiles"/>
</testsuite> <!-- Test -->
